mode: set
github.com/kleytonsolinho/golang-temperature-api-cloudrun/internal/infra/webserver/handlers/cep_handlers.go:35.60,37.52 2 1
github.com/kleytonsolinho/golang-temperature-api-cloudrun/internal/infra/webserver/handlers/cep_handlers.go:37.52,41.3 3 1
github.com/kleytonsolinho/golang-temperature-api-cloudrun/internal/infra/webserver/handlers/cep_handlers.go:43.2,44.16 2 1
github.com/kleytonsolinho/golang-temperature-api-cloudrun/internal/infra/webserver/handlers/cep_handlers.go:44.16,48.3 3 0
github.com/kleytonsolinho/golang-temperature-api-cloudrun/internal/infra/webserver/handlers/cep_handlers.go:49.2,50.16 2 1
github.com/kleytonsolinho/golang-temperature-api-cloudrun/internal/infra/webserver/handlers/cep_handlers.go:50.16,54.3 3 0
github.com/kleytonsolinho/golang-temperature-api-cloudrun/internal/infra/webserver/handlers/cep_handlers.go:56.2,58.38 3 1
github.com/kleytonsolinho/golang-temperature-api-cloudrun/internal/infra/webserver/handlers/cep_handlers.go:61.59,63.16 2 1
github.com/kleytonsolinho/golang-temperature-api-cloudrun/internal/infra/webserver/handlers/cep_handlers.go:63.16,65.3 1 0
github.com/kleytonsolinho/golang-temperature-api-cloudrun/internal/infra/webserver/handlers/cep_handlers.go:67.2,68.16 2 1
github.com/kleytonsolinho/golang-temperature-api-cloudrun/internal/infra/webserver/handlers/cep_handlers.go:68.16,70.3 1 0
github.com/kleytonsolinho/golang-temperature-api-cloudrun/internal/infra/webserver/handlers/cep_handlers.go:71.2,74.16 3 1
github.com/kleytonsolinho/golang-temperature-api-cloudrun/internal/infra/webserver/handlers/cep_handlers.go:74.16,76.3 1 0
github.com/kleytonsolinho/golang-temperature-api-cloudrun/internal/infra/webserver/handlers/cep_handlers.go:78.2,80.16 3 1
github.com/kleytonsolinho/golang-temperature-api-cloudrun/internal/infra/webserver/handlers/cep_handlers.go:80.16,82.3 1 0
github.com/kleytonsolinho/golang-temperature-api-cloudrun/internal/infra/webserver/handlers/cep_handlers.go:84.2,86.24 2 1
github.com/kleytonsolinho/golang-temperature-api-cloudrun/internal/infra/webserver/handlers/cep_handlers.go:89.66,93.16 3 1
github.com/kleytonsolinho/golang-temperature-api-cloudrun/internal/infra/webserver/handlers/cep_handlers.go:93.16,95.3 1 0
github.com/kleytonsolinho/golang-temperature-api-cloudrun/internal/infra/webserver/handlers/cep_handlers.go:97.2,98.16 2 1
github.com/kleytonsolinho/golang-temperature-api-cloudrun/internal/infra/webserver/handlers/cep_handlers.go:98.16,100.3 1 0
github.com/kleytonsolinho/golang-temperature-api-cloudrun/internal/infra/webserver/handlers/cep_handlers.go:101.2,104.16 3 1
github.com/kleytonsolinho/golang-temperature-api-cloudrun/internal/infra/webserver/handlers/cep_handlers.go:104.16,106.3 1 0
github.com/kleytonsolinho/golang-temperature-api-cloudrun/internal/infra/webserver/handlers/cep_handlers.go:108.2,108.37 1 1
github.com/kleytonsolinho/golang-temperature-api-cloudrun/internal/infra/webserver/handlers/cep_handlers.go:108.37,112.3 3 0
github.com/kleytonsolinho/golang-temperature-api-cloudrun/internal/infra/webserver/handlers/cep_handlers.go:114.2,116.16 3 1
github.com/kleytonsolinho/golang-temperature-api-cloudrun/internal/infra/webserver/handlers/cep_handlers.go:116.16,119.3 2 0
github.com/kleytonsolinho/golang-temperature-api-cloudrun/internal/infra/webserver/handlers/cep_handlers.go:121.2,123.32 2 1
github.com/kleytonsolinho/golang-temperature-api-cloudrun/internal/infra/webserver/handlers/cep_handlers.go:126.70,138.2 5 1
github.com/kleytonsolinho/golang-temperature-api-cloudrun/internal/infra/webserver/handlers/home_handlers.go:5.58,8.2 2 0
